17:38:25.268 [main                     ] DEBUG Logger               - Configured Logger
17:38:25.335 [main                     ] DEBUG GameApplication      - Logging settings
Title: this feels like a troll
Version: 0.0
Width: 800
Height: 600
Fullscreen: false
Intro: false
Profiling: false
Single step:false
App Mode: DEVELOPER
Menu Key: ESCAPE
Stage Style: DECORATED
Scene Factory: class com.almasb.fxgl.app.scene.SceneFactory

17:38:27.098 [JavaFX Application Thread] DEBUG FXGLApplication      - Initializing FXGL
17:38:27.112 [JavaFX Application Thread] INFO  Engine               - FXGL-17.2 (20.08.2022 16.50) on WINDOWS (J:18.0.1 FX:18)
17:38:27.112 [JavaFX Application Thread] DEBUG Engine               - JRE Vendor Name: Eclipse Adoptium
17:38:27.113 [JavaFX Application Thread] DEBUG Engine               - Running on OS: Windows 11 version 10.0
17:38:27.113 [JavaFX Application Thread] DEBUG Engine               - Architecture: amd64
17:38:27.114 [JavaFX Application Thread] INFO  Engine               - Source code and latest versions at: https://github.com/AlmasB/FXGL
17:38:27.114 [JavaFX Application Thread] INFO  Engine               -       Ask questions and discuss at: https://github.com/AlmasB/FXGL/discussions
17:38:27.114 [JavaFX Application Thread] INFO  Engine               -              Join the FXGL chat at: https://gitter.im/AlmasB/FXGL
17:38:27.377 [JavaFX Application Thread] DEBUG PrimaryStageWindow   - Creating a JavaFX scene
17:38:27.518 [JavaFX Application Thread] DEBUG PrimaryStageWindow   - Target settings size: 800.0 x 600.0
17:38:27.519 [JavaFX Application Thread] DEBUG PrimaryStageWindow   - Scaled scene size:    800.0 x 600.0
17:38:27.520 [JavaFX Application Thread] DEBUG PrimaryStageWindow   - Scaled ratio: (1.0, 1.0)
17:38:27.522 [JavaFX Application Thread] DEBUG PrimaryStageWindow   - Set initial scene to FXGLStartupScene
17:38:27.538 [JavaFX Application Thread] DEBUG PrimaryStageWindow   - Opening main window
17:38:27.789 [JavaFX Application Thread] DEBUG PrimaryStageWindow   - Window border size: (14.66668701171875, 37.33331298828125)
17:38:27.789 [JavaFX Application Thread] DEBUG PrimaryStageWindow   - Scaled size: 800.0 x 600.0
17:38:27.791 [JavaFX Application Thread] DEBUG PrimaryStageWindow   - Scaled ratio: (1.0, 1.0)
17:38:27.791 [JavaFX Application Thread] DEBUG PrimaryStageWindow   - Scene size: 800.0 x 600.0
17:38:27.793 [JavaFX Application Thread] DEBUG PrimaryStageWindow   - Stage size: 814.6666870117188 x 637.3333129882812
17:38:27.815 [FXGL Background Thread 1 ] DEBUG Engine               - Initializing environment variables
17:38:27.936 [FXGL Background Thread 1 ] DEBUG FXGLAssetLoaderServi - User app class for loading assets: class controller.Controller
17:38:27.937 [FXGL Background Thread 1 ] DEBUG GameApplicationServi - Applying CSS: fxgl_dark.css
17:38:27.938 [FXGL Background Thread 1 ] DEBUG FXGLAssetLoaderServi - Loading from file system: jar:file:/C:/Users/justi/.m2/repository/com/github/almasb/fxgl/17.2/fxgl-17.2.jar!/fxglassets/ui/css/fxgl_dark.css
17:38:28.025 [FXGL Background Thread 1 ] DEBUG GameApplicationServi - Initializing application scenes
17:38:28.122 [FXGL Background Thread 1 ] DEBUG GameWorld            - Game world initialized
17:38:28.232 [FXGL Background Thread 1 ] DEBUG PhysicsWorld         - Physics world initialized: appHeight=600, physics.ppm=50.0
17:38:28.232 [FXGL Background Thread 1 ] DEBUG PhysicsWorld         - Using strategy: BRUTE_FORCE
17:38:28.240 [FXGL Background Thread 1 ] DEBUG GameScene            - Game scene initialized: 800x600
17:38:28.264 [FXGL Background Thread 1 ] DEBUG FXGL.DefaultMenu     - createMenuBodyGameMenu()
17:38:28.292 [FXGL Background Thread 1 ] DEBUG FXGL.DefaultMenu     - createOptionsMenu()
17:38:28.313 [FXGL Background Thread 1 ] DEBUG FXGLAssetLoaderServi - Loading from file system: jar:file:/C:/Users/justi/.m2/repository/com/github/almasb/fxgl/17.2/fxgl-17.2.jar!/fxglassets/textures/particles/smoke.png
17:38:28.518 [FXGL Background Thread 1 ] DEBUG FXGLAssetLoaderServi - Loading from file system: jar:file:/C:/Users/justi/.m2/repository/com/github/almasb/fxgl/17.2/fxgl-17.2.jar!/fxglassets/textures/particles/trace_horizontal.png
17:38:28.585 [FXGL Background Thread 1 ] DEBUG GameApplicationServi - Application scenes initialized
17:38:28.627 [FXGL Background Thread 1 ] DEBUG SystemBundleService  - Loading default FXGL system data
17:38:28.628 [FXGL Background Thread 1 ] DEBUG UpdaterService       - Checking for updates
17:38:28.635 [FXGL Background Thread 4 ] DEBUG FXGLApplication      - Loading fonts
17:38:28.636 [FXGL Background Thread 4 ] DEBUG FXGLAssetLoaderServi - Loading from file system: jar:file:/C:/Users/justi/.m2/repository/com/github/almasb/fxgl/17.2/fxgl-17.2.jar!/fxglassets/ui/fonts/VarelaRound-Regular.ttf
17:38:28.637 [FXGL Background Thread 1 ] DEBUG FXGLApplication      - Loading default localization
17:38:28.638 [FXGL Background Thread 1 ] DEBUG FXGLAssetLoaderServi - Loading from file system: jar:file:/C:/Users/justi/.m2/repository/com/github/almasb/fxgl/17.2/fxgl-17.2.jar!/fxglassets/languages/english.lang
17:38:28.674 [FXGL Background Thread 1 ] INFO  FXGLApplication      - FXGL initialization took: 0.858 sec
17:38:28.677 [JavaFX Application Thread] DEBUG FXGLAssetLoaderServi - Loading from file system: jar:file:/C:/Users/justi/.m2/repository/com/github/almasb/fxgl/17.2/fxgl-17.2.jar!/fxglassets/textures/fxgl_icon.png
17:38:28.720 [JavaFX Application Thread] DEBUG FXGLAssetLoaderServi - Loading from file system: jar:file:/C:/Users/justi/.m2/repository/com/github/almasb/fxgl/17.2/fxgl-17.2.jar!/fxglassets/textures/fxgl_default_cursor.png
17:38:28.746 [JavaFX Application Thread] DEBUG Input                - Registered new binding: Screenshot - CTRL+8
17:38:28.747 [JavaFX Application Thread] DEBUG Input                - Registered new binding: System info dump - CTRL+9
17:38:28.748 [JavaFX Application Thread] DEBUG Input                - Registered new binding: Restart - CTRL+R
17:38:28.749 [JavaFX Application Thread] DEBUG Input                - Registered new binding: Toggle Debug Camera - CTRL+7
17:38:28.754 [JavaFX Application Thread] DEBUG LoopRunner           - Starting loop
17:38:28.755 [JavaFX Application Thread] DEBUG LoopRunner           - Initializing JavaFX AnimationTimerLoop
17:38:28.759 [JavaFX Application Thread] DEBUG GameApplicationServi - Starting new game
17:38:28.760 [JavaFX Application Thread] DEBUG Input                - Clearing active input actions
17:38:28.792 [JavaFX Application Thread] DEBUG GameApplicationServi - Removing overlay from FXGLStartupScene and adding to FXGLLoadingScene
17:38:28.793 [JavaFX Application Thread] DEBUG PrimaryStageWindow   - FXGLStartupScene -> FXGLLoadingScene
17:38:28.793 [JavaFX Application Thread] DEBUG GameApplicationServi - Clearing previous game
17:38:28.793 [JavaFX Application Thread] DEBUG GameScene            - Clearing game scene
17:38:28.794 [JavaFX Application Thread] DEBUG GameWorld            - Clearing game world
17:38:28.794 [JavaFX Application Thread] DEBUG PhysicsWorld         - Clearing physics world
17:38:28.797 [FXGL Background Thread 1 ] DEBUG FXGLApplication      - Initializing game
17:38:28.799 [FXGL Background Thread 1 ] INFO  FXGLApplication      - Game initialization took: 0.002 sec
17:38:28.840 [FXGL Background Thread 4 ] DEBUG FXGLAssetLoaderServi - Loading from file system: jar:file:/C:/Users/justi/.m2/repository/com/github/almasb/fxgl/17.2/fxgl-17.2.jar!/fxglassets/ui/fonts/Abel-Regular.ttf
17:38:28.860 [FXGL Background Thread 4 ] DEBUG FXGLAssetLoaderServi - Loading from file system: jar:file:/C:/Users/justi/.m2/repository/com/github/almasb/fxgl/17.2/fxgl-17.2.jar!/fxglassets/ui/fonts/TerminalLandMono-Regular.otf
17:38:28.877 [JavaFX Application Thread] DEBUG Input                - Clearing active input actions
17:38:28.881 [FXGL Background Thread 4 ] DEBUG FXGLAssetLoaderServi - Loading from file system: jar:file:/C:/Users/justi/.m2/repository/com/github/almasb/fxgl/17.2/fxgl-17.2.jar!/fxglassets/ui/fonts/Courier-Prime.ttf
17:38:28.890 [JavaFX Application Thread] DEBUG GameApplicationServi - Removing overlay from FXGLLoadingScene and adding to GameScene
17:38:28.891 [JavaFX Application Thread] DEBUG PrimaryStageWindow   - FXGLLoadingScene -> GameScene
17:38:29.029 [JavaFX Application Thread] DEBUG FXGLApplication      - Registering font factories with UI factory
17:38:31.634 [FXGL Background Thread 3 ] DEBUG Engine               - Logging environment variables
17:38:31.635 [FXGL Background Thread 3 ] DEBUG Engine               - achievements: []
17:38:31.636 [FXGL Background Thread 3 ] DEBUG Engine               - actualHeight: 600.0
17:38:31.636 [FXGL Background Thread 3 ] DEBUG Engine               - actualHeightProperty: ReadOnlyDoubleProperty [value: 600.0]
17:38:31.636 [FXGL Background Thread 3 ] DEBUG Engine               - actualWidth: 800.0
17:38:31.636 [FXGL Background Thread 3 ] DEBUG Engine               - actualWidthProperty: ReadOnlyDoubleProperty [value: 800.0]
17:38:31.636 [FXGL Background Thread 3 ] DEBUG Engine               - appIcon: fxgl_icon.png
17:38:31.636 [FXGL Background Thread 3 ] DEBUG Engine               - applicationMode: DEVELOPER
17:38:31.637 [FXGL Background Thread 3 ] DEBUG Engine               - cSSList: [fxgl_dark.css]
17:38:31.637 [FXGL Background Thread 3 ] DEBUG Engine               - collisionDetectionStrategy: BRUTE_FORCE
17:38:31.637 [FXGL Background Thread 3 ] DEBUG Engine               - configClass: Optional.empty
17:38:31.637 [FXGL Background Thread 3 ] DEBUG Engine               - credits: []
17:38:31.638 [FXGL Background Thread 3 ] DEBUG Engine               - defaultCursor: CursorInfo(imageName=fxgl_default_cursor.png, hotspotX=7.0, hotspotY=6.0)
17:38:31.638 [FXGL Background Thread 3 ] DEBUG Engine               - devBBoxColorProperty: ObjectProperty [value: 0xff0000ff]
17:38:31.643 [FXGL Background Thread 3 ] DEBUG Engine               - devEnableDebugCameraProperty: BooleanProperty [value: false]
17:38:31.644 [FXGL Background Thread 3 ] DEBUG Engine               - devSensorColorProperty: ObjectProperty [value: 0xffff00ff]
17:38:31.644 [FXGL Background Thread 3 ] DEBUG Engine               - devShowBBoxProperty: BooleanProperty [value: false]
17:38:31.644 [FXGL Background Thread 3 ] DEBUG Engine               - devShowPositionProperty: BooleanProperty [value: false]
17:38:31.644 [FXGL Background Thread 3 ] DEBUG Engine               - enabledMenuItems: []
17:38:31.644 [FXGL Background Thread 3 ] DEBUG Engine               - engineServices: [class com.almasb.fxgl.app.services.FXGLAssetLoaderService, class com.almasb.fxgl.app.FXGLApplication$GameApplicationService, class com.almasb.fxgl.app.services.FXGLDialogService, class com.almasb.fxgl.app.services.IOTaskExecutorService, class com.almasb.fxgl.io.FileSystemService, class com.almasb.fxgl.localization.LocalizationService, class com.almasb.fxgl.app.services.SystemBundleService, class com.almasb.fxgl.profile.SaveLoadService, class com.almasb.fxgl.ui.FXGLUIFactoryServiceProvider, class com.almasb.fxgl.ui.FXGLDialogFactoryServiceProvider, class com.almasb.fxgl.audio.AudioPlayer, class com.almasb.fxgl.notification.impl.NotificationServiceProvider, class com.almasb.fxgl.achievement.AchievementService, class com.almasb.fxgl.cutscene.CutsceneService, class com.almasb.fxgl.minigames.MiniGameService, class com.almasb.fxgl.net.NetService, class com.almasb.fxgl.app.services.UpdaterService, class com.almasb.fxgl.dev.DevService]
17:38:31.644 [FXGL Background Thread 3 ] DEBUG Engine               - fontGame: Abel-Regular.ttf
17:38:31.644 [FXGL Background Thread 3 ] DEBUG Engine               - fontMono: TerminalLandMono-Regular.otf
17:38:31.645 [FXGL Background Thread 3 ] DEBUG Engine               - fontText: Courier-Prime.ttf
17:38:31.645 [FXGL Background Thread 3 ] DEBUG Engine               - fontUI: VarelaRound-Regular.ttf
17:38:31.645 [FXGL Background Thread 3 ] DEBUG Engine               - fullScreen: BooleanProperty [value: false]
17:38:31.645 [FXGL Background Thread 3 ] DEBUG Engine               - gameDifficulty: MEDIUM
17:38:31.645 [FXGL Background Thread 3 ] DEBUG Engine               - gameDifficultyProperty: ObjectProperty [value: MEDIUM]
17:38:31.645 [FXGL Background Thread 3 ] DEBUG Engine               - globalMusicVolume: 0.5
17:38:31.645 [FXGL Background Thread 3 ] DEBUG Engine               - globalMusicVolumeProperty: DoubleProperty [value: 0.5]
17:38:31.645 [FXGL Background Thread 3 ] DEBUG Engine               - globalSoundVolume: 0.5
17:38:31.646 [FXGL Background Thread 3 ] DEBUG Engine               - globalSoundVolumeProperty: DoubleProperty [value: 0.5]
17:38:31.646 [FXGL Background Thread 3 ] DEBUG Engine               - height: 600
17:38:31.646 [FXGL Background Thread 3 ] DEBUG Engine               - is3D: false
17:38:31.646 [FXGL Background Thread 3 ] DEBUG Engine               - isAndroid: false
17:38:31.646 [FXGL Background Thread 3 ] DEBUG Engine               - isBrowser: false
17:38:31.646 [FXGL Background Thread 3 ] DEBUG Engine               - isClickFeedbackEnabled: false
17:38:31.646 [FXGL Background Thread 3 ] DEBUG Engine               - isCloseConfirmation: false
17:38:31.646 [FXGL Background Thread 3 ] DEBUG Engine               - isDesktop: true
17:38:31.646 [FXGL Background Thread 3 ] DEBUG Engine               - isDeveloperMenuEnabled: false
17:38:31.646 [FXGL Background Thread 3 ] DEBUG Engine               - isEmbedded: false
17:38:31.646 [FXGL Background Thread 3 ] DEBUG Engine               - isEntityPreloadEnabled: true
17:38:31.646 [FXGL Background Thread 3 ] DEBUG Engine               - isExperimentalTiledLargeMap: false
17:38:31.646 [FXGL Background Thread 3 ] DEBUG Engine               - isFileSystemWriteAllowed: true
17:38:31.647 [FXGL Background Thread 3 ] DEBUG Engine               - isFullScreenAllowed: false
17:38:31.647 [FXGL Background Thread 3 ] DEBUG Engine               - isFullScreenFromStart: false
17:38:31.647 [FXGL Background Thread 3 ] DEBUG Engine               - isGameMenuEnabled: true
17:38:31.647 [FXGL Background Thread 3 ] DEBUG Engine               - isIOS: false
17:38:31.647 [FXGL Background Thread 3 ] DEBUG Engine               - isIntroEnabled: false
17:38:31.647 [FXGL Background Thread 3 ] DEBUG Engine               - isLinux: false
17:38:31.647 [FXGL Background Thread 3 ] DEBUG Engine               - isMac: false
17:38:31.647 [FXGL Background Thread 3 ] DEBUG Engine               - isMainMenuEnabled: false
17:38:31.647 [FXGL Background Thread 3 ] DEBUG Engine               - isManualResizeEnabled: false
17:38:31.648 [FXGL Background Thread 3 ] DEBUG Engine               - isMobile: false
17:38:31.648 [FXGL Background Thread 3 ] DEBUG Engine               - isNative: false
17:38:31.648 [FXGL Background Thread 3 ] DEBUG Engine               - isPauseMusicWhenMinimized: true
17:38:31.648 [FXGL Background Thread 3 ] DEBUG Engine               - isPreserveResizeRatio: false
17:38:31.648 [FXGL Background Thread 3 ] DEBUG Engine               - isProfilingEnabled: false
17:38:31.648 [FXGL Background Thread 3 ] DEBUG Engine               - isScaleAffectedOnResize: true
17:38:31.648 [FXGL Background Thread 3 ] DEBUG Engine               - isSingleStep: false
17:38:31.648 [FXGL Background Thread 3 ] DEBUG Engine               - isUserProfileEnabled: false
17:38:31.648 [FXGL Background Thread 3 ] DEBUG Engine               - isWindows: true
17:38:31.648 [FXGL Background Thread 3 ] DEBUG Engine               - language: ObjectProperty [value: ENGLISH]
17:38:31.649 [FXGL Background Thread 3 ] DEBUG Engine               - menuKey: ESCAPE
17:38:31.649 [FXGL Background Thread 3 ] DEBUG Engine               - mouseSensitivity: 0.2
17:38:31.649 [FXGL Background Thread 3 ] DEBUG Engine               - notificationViewClass: class com.almasb.fxgl.notification.view.XboxNotificationView
17:38:31.649 [FXGL Background Thread 3 ] DEBUG Engine               - pixelsPerMeter: 50.0
17:38:31.649 [FXGL Background Thread 3 ] DEBUG Engine               - platform: WINDOWS
17:38:31.649 [FXGL Background Thread 3 ] DEBUG Engine               - prefHeightProperty: ReadOnlyDoubleProperty [value: 600.0]
17:38:31.649 [FXGL Background Thread 3 ] DEBUG Engine               - prefWidthProperty: ReadOnlyDoubleProperty [value: 800.0]
17:38:31.649 [FXGL Background Thread 3 ] DEBUG Engine               - profileDir: profiles/
17:38:31.650 [FXGL Background Thread 3 ] DEBUG Engine               - profileName: StringProperty [value: DEFAULT]
17:38:31.650 [FXGL Background Thread 3 ] DEBUG Engine               - randomSeed: -1
17:38:31.651 [FXGL Background Thread 3 ] DEBUG Engine               - runtimeInfo: RuntimeInfo(platform=WINDOWS, version=17.2, build=20.08.2022 16.50)
17:38:31.651 [FXGL Background Thread 3 ] DEBUG Engine               - saveFileExt: sav
17:38:31.651 [FXGL Background Thread 3 ] DEBUG Engine               - scaledHeightProp$fxgl: DoubleProperty [bound, value: 600.0]
17:38:31.651 [FXGL Background Thread 3 ] DEBUG Engine               - scaledWidthProp$fxgl: DoubleProperty [bound, value: 800.0]
17:38:31.651 [FXGL Background Thread 3 ] DEBUG Engine               - sceneFactory: com.almasb.fxgl.app.scene.SceneFactory@62e7aeb9
17:38:31.651 [FXGL Background Thread 3 ] DEBUG Engine               - secondsIn24h: 60
17:38:31.651 [FXGL Background Thread 3 ] DEBUG Engine               - soundMenuBack: menu/back.wav
17:38:31.651 [FXGL Background Thread 3 ] DEBUG Engine               - soundMenuPress: menu/press.wav
17:38:31.652 [FXGL Background Thread 3 ] DEBUG Engine               - soundMenuSelect: menu/select.wav
17:38:31.652 [FXGL Background Thread 3 ] DEBUG Engine               - soundNotification: core/notification.wav
17:38:31.652 [FXGL Background Thread 3 ] DEBUG Engine               - stageStyle: DECORATED
17:38:31.652 [FXGL Background Thread 3 ] DEBUG Engine               - supportedLanguages: [ENGLISH, FRENCH, GERMAN, HUNGARIAN, RUSSIAN]
17:38:31.652 [FXGL Background Thread 3 ] DEBUG Engine               - ticksPerSecond: -1
17:38:31.652 [FXGL Background Thread 3 ] DEBUG Engine               - title: this feels like a troll
17:38:31.652 [FXGL Background Thread 3 ] DEBUG Engine               - urlGithub: https://github.com/AlmasB/FXGL
17:38:31.652 [FXGL Background Thread 3 ] DEBUG Engine               - urlLeaderboard: http://fxgl-top.herokuapp.com/
17:38:31.652 [FXGL Background Thread 3 ] DEBUG Engine               - urlPOM: https://raw.githubusercontent.com/AlmasB/FXGL/release/README.md
17:38:31.653 [FXGL Background Thread 3 ] DEBUG Engine               - userAppClass: class controller.Controller
17:38:31.653 [FXGL Background Thread 3 ] DEBUG Engine               - version: 0.0
17:38:31.653 [FXGL Background Thread 3 ] DEBUG Engine               - versionCheckDays: 7
17:38:31.653 [FXGL Background Thread 3 ] DEBUG Engine               - width: 800
17:38:31.653 [FXGL Background Thread 3 ] DEBUG Engine               - Logging services
17:38:31.653 [FXGL Background Thread 3 ] DEBUG Engine               - class com.almasb.fxgl.app.services.FXGLAssetLoaderService
17:38:31.653 [FXGL Background Thread 3 ] DEBUG Engine               - class com.almasb.fxgl.app.FXGLApplication$GameApplicationService
17:38:31.653 [FXGL Background Thread 3 ] DEBUG Engine               - class com.almasb.fxgl.app.services.FXGLDialogService
17:38:31.653 [FXGL Background Thread 3 ] DEBUG Engine               - class com.almasb.fxgl.app.services.IOTaskExecutorService
17:38:31.653 [FXGL Background Thread 3 ] DEBUG Engine               - class com.almasb.fxgl.io.FileSystemService
17:38:31.653 [FXGL Background Thread 3 ] DEBUG Engine               - class com.almasb.fxgl.localization.LocalizationService
17:38:31.654 [FXGL Background Thread 3 ] DEBUG Engine               - class com.almasb.fxgl.app.services.SystemBundleService
17:38:31.654 [FXGL Background Thread 3 ] DEBUG Engine               - class com.almasb.fxgl.profile.SaveLoadService
17:38:31.654 [FXGL Background Thread 3 ] DEBUG Engine               - class com.almasb.fxgl.ui.FXGLUIFactoryServiceProvider
17:38:31.654 [FXGL Background Thread 3 ] DEBUG Engine               - class com.almasb.fxgl.ui.FXGLDialogFactoryServiceProvider
17:38:31.654 [FXGL Background Thread 3 ] DEBUG Engine               - class com.almasb.fxgl.audio.AudioPlayer
17:38:31.654 [FXGL Background Thread 3 ] DEBUG Engine               - class com.almasb.fxgl.notification.impl.NotificationServiceProvider
17:38:31.654 [FXGL Background Thread 3 ] DEBUG Engine               - class com.almasb.fxgl.achievement.AchievementService
17:38:31.654 [FXGL Background Thread 3 ] DEBUG Engine               - class com.almasb.fxgl.cutscene.CutsceneService
17:38:31.655 [FXGL Background Thread 3 ] DEBUG Engine               - class com.almasb.fxgl.minigames.MiniGameService
17:38:31.655 [FXGL Background Thread 3 ] DEBUG Engine               - class com.almasb.fxgl.net.NetService
17:38:31.655 [FXGL Background Thread 3 ] DEBUG Engine               - class com.almasb.fxgl.app.services.UpdaterService
17:38:31.655 [FXGL Background Thread 3 ] DEBUG Engine               - class com.almasb.fxgl.dev.DevService
17:38:42.543 [JavaFX Application Thread] DEBUG FXGLApplication      - Exiting FXGL
17:38:42.543 [JavaFX Application Thread] DEBUG LoopRunner           - Stopping loop
17:38:42.543 [JavaFX Application Thread] DEBUG SystemBundleService  - Saving FXGL system data
17:38:42.549 [JavaFX Application Thread] DEBUG FileSystemAccess     - Writing to: C:\Users\justi\eclipse-workspace\CimenarkFXGL\system\fxgl.bundle
17:38:42.571 [JavaFX Application Thread] DEBUG Async                - Shutting down background threads
17:38:42.571 [JavaFX Application Thread] DEBUG PrimaryStageWindow   - Closing main window
17:38:42.599 [JavaFX Application Thread] DEBUG Logger               - Closing Logger
